Arguments: 
  C:\Program Files\nodejs\node.exe C:\Users\VISHAL\AppData\Roaming\npm\node_modules\yarn\bin\yarn.js add Hook

PATH: 
  C:\Windows\system32;C:\Windows;C:\Windows\System32\Wbem;C:\Windows\System32\WindowsPowerShell\v1.0\;C:\Windows\System32\OpenSSH\;C:\Users\VISHAL\Desktop\mongosh-1.10.1-win32-x64\bin;C:\Program Files\nodejs;C:\Users\VISHAL\AppData\Local\Programs\Microsoft VS Code;C:\Program Files\Git\cmd;C:\Windows\system32;C:\Windows;C:\Windows\System32\Wbem;C:\Windows\System32\WindowsPowerShell\v1.0\;C:\Windows\System32\OpenSSH\;C:\Users\VISHAL\AppData\Local\Microsoft\WindowsApps;C:\Users\VISHAL\AppData\Local\Programs\Microsoft VS Code\bin;C:\WebDriver\bin;C:\Users\VISHAL\AppData\Local\Programs\Python\Python311\Scripts;C:\Users\VISHAL\AppData\Roaming\npm

Yarn version: 
  1.22.19

Node version: 
  18.16.1

Platform: 
  win32 x64

Trace: 
  Error: https://registry.yarnpkg.com/Hook: Not found
      at params.callback [as _callback] (C:\Users\VISHAL\AppData\Roaming\npm\node_modules\yarn\lib\cli.js:66145:18)
      at self.callback (C:\Users\VISHAL\AppData\Roaming\npm\node_modules\yarn\lib\cli.js:140890:22)
      at Request.emit (node:events:513:28)
      at Request.<anonymous> (C:\Users\VISHAL\AppData\Roaming\npm\node_modules\yarn\lib\cli.js:141862:10)
      at Request.emit (node:events:513:28)
      at IncomingMessage.<anonymous> (C:\Users\VISHAL\AppData\Roaming\npm\node_modules\yarn\lib\cli.js:141784:12)
      at Object.onceWrapper (node:events:627:28)
      at IncomingMessage.emit (node:events:525:35)
      at endReadableNT (node:internal/streams/readable:1359:12)
      at process.processTicksAndRejections (node:internal/process/task_queues:82:21)

npm manifest: 
  No manifest

yarn manifest: 
  No manifest

Lockfile: 
  No lockfile
